# JRE version: OpenJDK Runtime Environment (8.0_152-b06) (build 1.8.0_152-release-1136-b06)
# Java VM: OpenJDK 64-Bit Server VM (25.152-b06 mixed mode windows-amd64 compressed oops)
Heap:
 PSYoungGen      total 274432K, used 57257K [0x00000000e0000000, 0x00000000f4180000, 0x0000000100000000)
  eden space 220672K, 13% used [0x00000000e0000000,0x00000000e1e09248,0x00000000ed780000)
  from space 53760K, 49% used [0x00000000f0d00000,0x00000000f26e11c8,0x00000000f4180000)
  to   space 54272K, 0% used [0x00000000ed780000,0x00000000ed780000,0x00000000f0c80000)
 ParOldGen       total 141824K, used 93171K [0x00000000a0000000, 0x00000000a8a80000, 0x00000000e0000000)
  object space 141824K, 65% used [0x00000000a0000000,0x00000000a5afce68,0x00000000a8a80000)
 Metaspace       used 89898K, capacity 95796K, committed 96000K, reserved 1132544K
  class space    used 11411K, capacity 12520K, committed 12544K, reserved 1048576K
GC Heap History (10 events):
Event: 8277.877 GC heap before
{Heap before GC invocations=33 (full 3):
 PSYoungGen      total 165888K, used 165871K [0x00000000e0000000, 0x00000000ee980000, 0x0000000100000000)
  eden space 136704K, 100% used [0x00000000e0000000,0x00000000e8580000,0x00000000e8580000)
  from space 29184K, 99% used [0x00000000e8580000,0x00000000ea1fbfa0,0x00000000ea200000)
  to   space 37888K, 0% used [0x00000000ec480000,0x00000000ec480000,0x00000000ee980000)
 ParOldGen       total 141824K, used 83296K [0x00000000a0000000, 0x00000000a8a80000, 0x00000000e0000000)
  object space 141824K, 58% used [0x00000000a0000000,0x00000000a51580f0,0x00000000a8a80000)
 Metaspace       used 87109K, capacity 92682K, committed 92800K, reserved 1130496K
  class space    used 11036K, capacity 12087K, committed 12160K, reserved 1048576K
Event: 8278.121 GC heap after
Heap after GC invocations=33 (full 3):
 PSYoungGen      total 193536K, used 37865K [0x00000000e0000000, 0x00000000ef980000, 0x0000000100000000)
  eden space 155648K, 0% used [0x00000000e0000000,0x00000000e0000000,0x00000000e9800000)
  from space 37888K, 99% used [0x00000000ec480000,0x00000000ee97a6a0,0x00000000ee980000)
  to   space 45568K, 0% used [0x00000000e9800000,0x00000000e9800000,0x00000000ec480000)
 ParOldGen       total 141824K, used 87220K [0x00000000a0000000, 0x00000000a8a80000, 0x00000000e0000000)
  object space 141824K, 61% used [0x00000000a0000000,0x00000000a552d240,0x00000000a8a80000)
 Metaspace       used 87109K, capacity 92682K, committed 92800K, reserved 1130496K
  class space    used 11036K, capacity 12087K, committed 12160K, reserved 1048576K
}
Event: 8284.785 GC heap before
{Heap before GC invocations=34 (full 3):
 PSYoungGen      total 193536K, used 193513K [0x00000000e0000000, 0x00000000ef980000, 0x0000000100000000)
  eden space 155648K, 100% used [0x00000000e0000000,0x00000000e9800000,0x00000000e9800000)
  from space 37888K, 99% used [0x00000000ec480000,0x00000000ee97a6a0,0x00000000ee980000)
  to   space 45568K, 0% used [0x00000000e9800000,0x00000000e9800000,0x00000000ec480000)
 ParOldGen       total 141824K, used 87220K [0x00000000a0000000, 0x00000000a8a80000, 0x00000000e0000000)
  object space 141824K, 61% used [0x00000000a0000000,0x00000000a552d240,0x00000000a8a80000)
 Metaspace       used 88055K, capacity 93796K, committed 93952K, reserved 1130496K
  class space    used 11166K, capacity 12236K, committed 12288K, reserved 1048576K
Event: 8284.942 GC heap after
Heap after GC invocations=34 (full 3):
 PSYoungGen      total 201216K, used 32837K [0x00000000e0000000, 0x00000000f1300000, 0x0000000100000000)
  eden space 155648K, 0% used [0x00000000e0000000,0x00000000e0000000,0x00000000e9800000)
  from space 45568K, 72% used [0x00000000e9800000,0x00000000eb811478,0x00000000ec480000)
  to   space 48128K, 0% used [0x00000000ee400000,0x00000000ee400000,0x00000000f1300000)
 ParOldGen       total 141824K, used 87332K [0x00000000a0000000, 0x00000000a8a80000, 0x00000000e0000000)
  object space 141824K, 61% used [0x00000000a0000000,0x00000000a5549240,0x00000000a8a80000)
 Metaspace       used 88055K, capacity 93796K, committed 93952K, reserved 1130496K
  class space    used 11166K, capacity 12236K, committed 12288K, reserved 1048576K
}
Event: 8289.213 GC heap before
{Heap before GC invocations=35 (full 3):
 PSYoungGen      total 201216K, used 187724K [0x00000000e0000000, 0x00000000f1300000, 0x0000000100000000)
  eden space 155648K, 99% used [0x00000000e0000000,0x00000000e9741b90,0x00000000e9800000)
  from space 45568K, 72% used [0x00000000e9800000,0x00000000eb811478,0x00000000ec480000)
  to   space 48128K, 0% used [0x00000000ee400000,0x00000000ee400000,0x00000000f1300000)
 ParOldGen       total 141824K, used 87332K [0x00000000a0000000, 0x00000000a8a80000, 0x00000000e0000000)
  object space 141824K, 61% used [0x00000000a0000000,0x00000000a5549240,0x00000000a8a80000)
 Metaspace       used 89494K, capacity 95384K, committed 95488K, reserved 1132544K
  class space    used 11357K, capacity 12462K, committed 12544K, reserved 1048576K
Event: 8289.374 GC heap after
Heap after GC invocations=35 (full 3):
 PSYoungGen      total 227328K, used 44413K [0x00000000e0000000, 0x00000000f1e80000, 0x0000000100000000)
  eden space 179200K, 0% used [0x00000000e0000000,0x00000000e0000000,0x00000000eaf00000)
  from space 48128K, 92% used [0x00000000ee400000,0x00000000f0f5f4e0,0x00000000f1300000)
  to   space 54272K, 0% used [0x00000000eaf00000,0x00000000eaf00000,0x00000000ee400000)
 ParOldGen       total 141824K, used 87460K [0x00000000a0000000, 0x00000000a8a80000, 0x00000000e0000000)
  object space 141824K, 61% used [0x00000000a0000000,0x00000000a5569290,0x00000000a8a80000)
 Metaspace       used 89494K, capacity 95384K, committed 95488K, reserved 1132544K
  class space    used 11357K, capacity 12462K, committed 12544K, reserved 1048576K
}
Event: 8289.445 GC heap before
{Heap before GC invocations=36 (full 3):
 PSYoungGen      total 227328K, used 223102K [0x00000000e0000000, 0x00000000f1e80000, 0x0000000100000000)
  eden space 179200K, 99% used [0x00000000e0000000,0x00000000eae804d0,0x00000000eaf00000)
  from space 48128K, 92% used [0x00000000ee400000,0x00000000f0f5f4e0,0x00000000f1300000)
  to   space 54272K, 0% used [0x00000000eaf00000,0x00000000eaf00000,0x00000000ee400000)
 ParOldGen       total 141824K, used 87460K [0x00000000a0000000, 0x00000000a8a80000, 0x00000000e0000000)
  object space 141824K, 61% used [0x00000000a0000000,0x00000000a5569290,0x00000000a8a80000)
 Metaspace       used 89499K, capacity 95384K, committed 95488K, reserved 1132544K
  class space    used 11357K, capacity 12462K, committed 12544K, reserved 1048576K
Event: 8289.570 GC heap after
Heap after GC invocations=36 (full 3):
 PSYoungGen      total 233472K, used 36406K [0x00000000e0000000, 0x00000000f4400000, 0x0000000100000000)
  eden space 179200K, 0% used [0x00000000e0000000,0x00000000e0000000,0x00000000eaf00000)
  from space 54272K, 67% used [0x00000000eaf00000,0x00000000ed28d9d8,0x00000000ee400000)
  to   space 56320K, 0% used [0x00000000f0d00000,0x00000000f0d00000,0x00000000f4400000)
 ParOldGen       total 141824K, used 90519K [0x00000000a0000000, 0x00000000a8a80000, 0x00000000e0000000)
  object space 141824K, 63% used [0x00000000a0000000,0x00000000a5865ef8,0x00000000a8a80000)
 Metaspace       used 89499K, capacity 95384K, committed 95488K, reserved 1132544K
  class space    used 11357K, capacity 12462K, committed 12544K, reserved 1048576K
}
Event: 8289.637 GC heap before
{Heap before GC invocations=37 (full 3):
 PSYoungGen      total 233472K, used 214974K [0x00000000e0000000, 0x00000000f4400000, 0x0000000100000000)
  eden space 179200K, 99% used [0x00000000e0000000,0x00000000eae61fe0,0x00000000eaf00000)
  from space 54272K, 67% used [0x00000000eaf00000,0x00000000ed28d9d8,0x00000000ee400000)
  to   space 56320K, 0% used [0x00000000f0d00000,0x00000000f0d00000,0x00000000f4400000)
 ParOldGen       total 141824K, used 90519K [0x00000000a0000000, 0x00000000a8a80000, 0x00000000e0000000)
  object space 141824K, 63% used [0x00000000a0000000,0x00000000a5865ef8,0x00000000a8a80000)
 Metaspace       used 89506K, capacity 95384K, committed 95488K, reserved 1132544K
  class space    used 11357K, capacity 12462K, committed 12544K, reserved 1048576K
Event: 8289.762 GC heap after
Heap after GC invocations=37 (full 3):
 PSYoungGen      total 274432K, used 26500K [0x00000000e0000000, 0x00000000f4180000, 0x0000000100000000)
  eden space 220672K, 0% used [0x00000000e0000000,0x00000000e0000000,0x00000000ed780000)
  from space 53760K, 49% used [0x00000000f0d00000,0x00000000f26e11c8,0x00000000f4180000)
  to   space 54272K, 0% used [0x00000000ed780000,0x00000000ed780000,0x00000000f0c80000)
 ParOldGen       total 141824K, used 93171K [0x00000000a0000000, 0x00000000a8a80000, 0x00000000e0000000)
  object space 141824K, 65% used [0x00000000a0000000,0x00000000a5afce68,0x00000000a8a80000)
 Metaspace       used 89506K, capacity 95384K, committed 95488K, reserved 1132544K
  class space    used 11357K, capacity 12462K, committed 12544K, reserved 1048576K
}

